Build started 11/7/2014 5:02:53 PM.
     1>Project "C:\Users\tharindu\Documents\Visual Studio 2010\Projects\Chess_Game_Solution\Chess_Game\Chess_Game.vcxproj" on node 2 (build target(s)).
     1>InitializeBuildStatus:
         Creating "Debug\Chess_Game.unsuccessfulbuild" because "AlwaysCreate" was specified.
       ClCompile:
         All outputs are up-to-date.
       ManifestResourceCompile:
         All outputs are up-to-date.
       Link:
         c:\Program Files\Microsoft Visual Studio 10.0\VC\bin\link.exe /ERRORREPORT:PROMPT /OUT:"C:\Users\tharindu\Documents\Visual Studio 2010\Projects\Chess_Game_Solution\Debug\Chess_Game.exe" /INCREMENTAL /NOLOGO /LIBPATH:"C:\Users\tharindu\Documents\Visual Studio 2010\Projects\Chess_Dll_Solution\Debug" Chess_Dll.lib kernel32.lib user32.lib gdi32.lib winspool.lib comdlg32.lib advapi32.lib shell32.lib ole32.lib oleaut32.lib uuid.lib odbc32.lib odbccp32.lib /MANIFEST /ManifestFile:"Debug\Chess_Game.exe.intermediate.manifest" /MANIFESTUAC:"level='asInvoker' uiAccess='false'" /DEBUG /PDB:"C:\Users\tharindu\Documents\Visual Studio 2010\Projects\Chess_Game_Solution\Debug\Chess_Game.pdb" /SUBSYSTEM:CONSOLE /TLBID:1 /DYNAMICBASE /NXCOMPAT /IMPLIB:"C:\Users\tharindu\Documents\Visual Studio 2010\Projects\Chess_Game_Solution\Debug\Chess_Game.lib" /MACHINE:X86 Debug\Chess_Game.exe.embed.manifest.res
         Debug\Chess_Game.obj
         Debug\stdafx.obj
       Manifest:
         c:\Program Files\Microsoft SDKs\Windows\v7.0A\bin\mt.exe /nologo /verbose /out:"Debug\Chess_Game.exe.embed.manifest" /manifest Debug\Chess_Game.exe.intermediate.manifest
         All outputs are up-to-date.
       LinkEmbedManifest:
         All outputs are up-to-date.
         Chess_Game.vcxproj -> C:\Users\tharindu\Documents\Visual Studio 2010\Projects\Chess_Game_Solution\Debug\Chess_Game.exe
       FinalizeBuildStatus:
         Deleting file "Debug\Chess_Game.unsuccessfulbuild".
         Touching "Debug\Chess_Game.lastbuildstate".
     1>Done Building Project "C:\Users\tharindu\Documents\Visual Studio 2010\Projects\Chess_Game_Solution\Chess_Game\Chess_Game.vcxproj" (build target(s)).

Build succeeded.

Time Elapsed 00:00:00.56
